# JRE version: Java(TM) SE Runtime Environment (8.0_202-b08) (build 1.8.0_202-b08)
# Java VM: Java HotSpot(TM) 64-Bit Server VM (25.202-b08 mixed mode windows-amd64 compressed oops)
Heap:
 PSYoungGen      total 196096K, used 91376K [0x00000000e0000000, 0x00000000ee000000, 0x0000000100000000)
  eden space 182272K, 42% used [0x00000000e0000000,0x00000000e4c2c308,0x00000000eb200000)
  from space 13824K, 96% used [0x00000000eb800000,0x00000000ec50fe70,0x00000000ec580000)
  to   space 23552K, 0% used [0x00000000ec900000,0x00000000ec900000,0x00000000ee000000)
 ParOldGen       total 150528K, used 58025K [0x00000000a0000000, 0x00000000a9300000, 0x00000000e0000000)
  object space 150528K, 38% used [0x00000000a0000000,0x00000000a38aa4b8,0x00000000a9300000)
 Metaspace       used 70469K, capacity 72730K, committed 72960K, reserved 1112064K
  class space    used 9465K, capacity 9974K, committed 9984K, reserved 1048576K
GC Heap History (10 events):
Event: 23.257 GC heap before
{Heap before GC invocations=16 (full 3):
 PSYoungGen      total 151552K, used 10838K [0x00000000e0000000, 0x00000000eca80000, 0x0000000100000000)
  eden space 132096K, 0% used [0x00000000e0000000,0x00000000e0000000,0x00000000e8100000)
  from space 19456K, 55% used [0x00000000e8100000,0x00000000e8b95b68,0x00000000e9400000)
  to   space 18944K, 0% used [0x00000000eb800000,0x00000000eb800000,0x00000000eca80000)
 ParOldGen       total 90624K, used 43127K [0x00000000a0000000, 0x00000000a5880000, 0x00000000e0000000)
  object space 90624K, 47% used [0x00000000a0000000,0x00000000a2a1dda8,0x00000000a5880000)
 Metaspace       used 57299K, capacity 59016K, committed 59136K, reserved 1099776K
  class space    used 7954K, capacity 8389K, committed 8448K, reserved 1048576K
Event: 23.604 GC heap after
Heap after GC invocations=16 (full 3):
 PSYoungGen      total 151552K, used 0K [0x00000000e0000000, 0x00000000eca80000, 0x0000000100000000)
  eden space 132096K, 0% used [0x00000000e0000000,0x00000000e0000000,0x00000000e8100000)
  from space 19456K, 0% used [0x00000000e8100000,0x00000000e8100000,0x00000000e9400000)
  to   space 18944K, 0% used [0x00000000eb800000,0x00000000eb800000,0x00000000eca80000)
 ParOldGen       total 150528K, used 42553K [0x00000000a0000000, 0x00000000a9300000, 0x00000000e0000000)
  object space 150528K, 28% used [0x00000000a0000000,0x00000000a298e428,0x00000000a9300000)
 Metaspace       used 57299K, capacity 59016K, committed 59136K, reserved 1099776K
  class space    used 7954K, capacity 8389K, committed 8448K, reserved 1048576K
}
Event: 34.750 GC heap before
{Heap before GC invocations=17 (full 3):
 PSYoungGen      total 151552K, used 132096K [0x00000000e0000000, 0x00000000eca80000, 0x0000000100000000)
  eden space 132096K, 100% used [0x00000000e0000000,0x00000000e8100000,0x00000000e8100000)
  from space 19456K, 0% used [0x00000000e8100000,0x00000000e8100000,0x00000000e9400000)
  to   space 18944K, 0% used [0x00000000eb800000,0x00000000eb800000,0x00000000eca80000)
 ParOldGen       total 150528K, used 42553K [0x00000000a0000000, 0x00000000a9300000, 0x00000000e0000000)
  object space 150528K, 28% used [0x00000000a0000000,0x00000000a298e428,0x00000000a9300000)
 Metaspace       used 63644K, capacity 65496K, committed 65792K, reserved 1105920K
  class space    used 8745K, capacity 9177K, committed 9216K, reserved 1048576K
Event: 34.776 GC heap after
Heap after GC invocations=17 (full 3):
 PSYoungGen      total 174080K, used 14552K [0x00000000e0000000, 0x00000000ec680000, 0x0000000100000000)
  eden space 159232K, 0% used [0x00000000e0000000,0x00000000e0000000,0x00000000e9b80000)
  from space 14848K, 98% used [0x00000000eb800000,0x00000000ec6363c8,0x00000000ec680000)
  to   space 19968K, 0% used [0x00000000e9f80000,0x00000000e9f80000,0x00000000eb300000)
 ParOldGen       total 150528K, used 42561K [0x00000000a0000000, 0x00000000a9300000, 0x00000000e0000000)
  object space 150528K, 28% used [0x00000000a0000000,0x00000000a2990428,0x00000000a9300000)
 Metaspace       used 63644K, capacity 65496K, committed 65792K, reserved 1105920K
  class space    used 8745K, capacity 9177K, committed 9216K, reserved 1048576K
}
Event: 43.416 GC heap before
{Heap before GC invocations=18 (full 3):
 PSYoungGen      total 174080K, used 167536K [0x00000000e0000000, 0x00000000ec680000, 0x0000000100000000)
  eden space 159232K, 96% used [0x00000000e0000000,0x00000000e9565fd8,0x00000000e9b80000)
  from space 14848K, 98% used [0x00000000eb800000,0x00000000ec6363c8,0x00000000ec680000)
  to   space 19968K, 0% used [0x00000000e9f80000,0x00000000e9f80000,0x00000000eb300000)
 ParOldGen       total 150528K, used 42561K [0x00000000a0000000, 0x00000000a9300000, 0x00000000e0000000)
  object space 150528K, 28% used [0x00000000a0000000,0x00000000a2990428,0x00000000a9300000)
 Metaspace       used 65990K, capacity 68100K, committed 68224K, reserved 1107968K
  class space    used 9064K, capacity 9573K, committed 9600K, reserved 1048576K
Event: 43.444 GC heap after
Heap after GC invocations=18 (full 3):
 PSYoungGen      total 183296K, used 19946K [0x00000000e0000000, 0x00000000ee780000, 0x0000000100000000)
  eden space 163328K, 0% used [0x00000000e0000000,0x00000000e0000000,0x00000000e9f80000)
  from space 19968K, 99% used [0x00000000e9f80000,0x00000000eb2fa8c0,0x00000000eb300000)
  to   space 24576K, 0% used [0x00000000ecf80000,0x00000000ecf80000,0x00000000ee780000)
 ParOldGen       total 150528K, used 48567K [0x00000000a0000000, 0x00000000a9300000, 0x00000000e0000000)
  object space 150528K, 32% used [0x00000000a0000000,0x00000000a2f6dc60,0x00000000a9300000)
 Metaspace       used 65990K, capacity 68100K, committed 68224K, reserved 1107968K
  class space    used 9064K, capacity 9573K, committed 9600K, reserved 1048576K
}
Event: 45.476 GC heap before
{Heap before GC invocations=19 (full 3):
 PSYoungGen      total 183296K, used 181009K [0x00000000e0000000, 0x00000000ee780000, 0x0000000100000000)
  eden space 163328K, 98% used [0x00000000e0000000,0x00000000e9d49e18,0x00000000e9f80000)
  from space 19968K, 99% used [0x00000000e9f80000,0x00000000eb2fa8c0,0x00000000eb300000)
  to   space 24576K, 0% used [0x00000000ecf80000,0x00000000ecf80000,0x00000000ee780000)
 ParOldGen       total 150528K, used 48567K [0x00000000a0000000, 0x00000000a9300000, 0x00000000e0000000)
  object space 150528K, 32% used [0x00000000a0000000,0x00000000a2f6dc60,0x00000000a9300000)
 Metaspace       used 66013K, capacity 68164K, committed 68224K, reserved 1107968K
  class space    used 9065K, capacity 9573K, committed 9600K, reserved 1048576K
Event: 45.503 GC heap after
Heap after GC invocations=19 (full 3):
 PSYoungGen      total 212992K, used 8956K [0x00000000e0000000, 0x00000000eee00000, 0x0000000100000000)
  eden space 188416K, 0% used [0x00000000e0000000,0x00000000e0000000,0x00000000eb800000)
  from space 24576K, 36% used [0x00000000ecf80000,0x00000000ed83f3d8,0x00000000ee780000)
  to   space 24064K, 0% used [0x00000000eb800000,0x00000000eb800000,0x00000000ecf80000)
 ParOldGen       total 150528K, used 58017K [0x00000000a0000000, 0x00000000a9300000, 0x00000000e0000000)
  object space 150528K, 38% used [0x00000000a0000000,0x00000000a38a84b8,0x00000000a9300000)
 Metaspace       used 66013K, capacity 68164K, committed 68224K, reserved 1107968K
  class space    used 9065K, capacity 9573K, committed 9600K, reserved 1048576K
}
Event: 3115.861 GC heap before
{Heap before GC invocations=20 (full 3):
 PSYoungGen      total 212992K, used 197372K [0x00000000e0000000, 0x00000000eee00000, 0x0000000100000000)
  eden space 188416K, 100% used [0x00000000e0000000,0x00000000eb800000,0x00000000eb800000)
  from space 24576K, 36% used [0x00000000ecf80000,0x00000000ed83f3d8,0x00000000ee780000)
  to   space 24064K, 0% used [0x00000000eb800000,0x00000000eb800000,0x00000000ecf80000)
 ParOldGen       total 150528K, used 58017K [0x00000000a0000000, 0x00000000a9300000, 0x00000000e0000000)
  object space 150528K, 38% used [0x00000000a0000000,0x00000000a38a84b8,0x00000000a9300000)
 Metaspace       used 70258K, capacity 72584K, committed 72704K, reserved 1112064K
  class space    used 9456K, capacity 9971K, committed 9984K, reserved 1048576K
Event: 3115.950 GC heap after
Heap after GC invocations=20 (full 3):
 PSYoungGen      total 196096K, used 13375K [0x00000000e0000000, 0x00000000ee000000, 0x0000000100000000)
  eden space 182272K, 0% used [0x00000000e0000000,0x00000000e0000000,0x00000000eb200000)
  from space 13824K, 96% used [0x00000000eb800000,0x00000000ec50fe70,0x00000000ec580000)
  to   space 23552K, 0% used [0x00000000ec900000,0x00000000ec900000,0x00000000ee000000)
 ParOldGen       total 150528K, used 58025K [0x00000000a0000000, 0x00000000a9300000, 0x00000000e0000000)
  object space 150528K, 38% used [0x00000000a0000000,0x00000000a38aa4b8,0x00000000a9300000)
 Metaspace       used 70258K, capacity 72584K, committed 72704K, reserved 1112064K
  class space    used 9456K, capacity 9971K, committed 9984K, reserved 1048576K
}

